2023-03-11T10:08:30.048Z - log: [Package] menu@1.0.0 enable
2023-03-11T10:08:30.051Z - log: [Package] profile@1.0.0 enable
2023-03-11T10:08:30.060Z - log: [Package] project@1.0.2 enable
2023-03-11T10:08:30.062Z - log: [Package] messages@1.0.0 enable
2023-03-11T10:08:30.069Z - log: [Package] program@1.0.0 enable
2023-03-11T10:08:30.073Z - log: [Package] tester@1.0.0 enable
2023-03-11T10:08:30.075Z - log: [Package] preferences@1.0.0 enable
2023-03-11T10:08:31.932Z - log: Load engine in D:\CocosDashboard_1.2.5\resources\.editors\Creator\3.6.3\resources\resources\3d\engine
2023-03-11T10:08:33.057Z - log: Profile changed: engine (modules.includeModules: 2d,animation,audio,base,dragon-bones,gfx-webgl,gfx-webgl2,intersection-2d,particle-2d,physics-2d-box2d,profiler,spine,tiled-map,tween,ui,video,webview)
2023-03-11T10:08:33.066Z - log: Register native engine in D:\CocosDashboard_1.2.5\resources\.editors\Creator\3.6.3\resources\resources\3d\engine\native
2023-03-11T10:08:33.067Z - log: [Package] engine@1.0.7 enable
2023-03-11T10:08:33.768Z - log: [Package] programming@1.0.0 enable
2023-03-11T10:08:33.818Z - warn: 
2023-03-11T10:08:33.890Z - warn: 
2023-03-11T10:08:34.132Z - log: [Package] device@1.0.1 enable
2023-03-11T10:08:34.165Z - log: [Package] ui-kit@1.0.1 enable
2023-03-11T10:08:34.195Z - log: [Package] engine-extends@1.0.0 enable
2023-03-11T10:08:34.243Z - log: [Package] asset-db@1.0.0 enable
2023-03-11T10:08:34.244Z - warn: 
2023-03-11T10:08:34.283Z - log: [Package] scene@1.0.0 enable
2023-03-11T10:08:34.387Z - log: [Package] server@1.0.0 enable
2023-03-11T10:08:34.862Z - log: [Package] utils@1.0.0 enable
2023-03-11T10:08:38.719Z - warn: 
2023-03-11T10:08:38.719Z - warn: 
2023-03-11T10:08:38.719Z - warn: 
2023-03-11T10:08:38.752Z - warn: 
2023-03-11T10:08:38.752Z - warn: 
2023-03-11T10:08:38.752Z - warn: 
2023-03-11T10:08:40.465Z - warn: 
2023-03-11T10:08:40.518Z - log: [Package] preview@1.0.1 enable
2023-03-11T10:08:40.548Z - log: [Package] animator@1.0.0 enable
2023-03-11T10:08:40.582Z - log: pluginManager init: 0.082ms
2023-03-11T10:08:41.284Z - log: [Package] builder@1.3.3 enable
2023-03-11T10:08:41.311Z - log: [Package] shortcuts@1.0.1 enable
2023-03-11T10:08:41.338Z - log: [Package] animation-graph@1.0.0 enable
2023-03-11T10:08:41.362Z - log: [Package] about@1.0.0 enable
2023-03-11T10:08:41.388Z - log: [Package] assets@1.0.0 enable
2023-03-11T10:08:41.412Z - log: [Package] console@1.0.0 enable
2023-03-11T10:08:41.518Z - log: [Package] extension@3.0.16 enable
2023-03-11T10:08:41.543Z - log: [Package] hierarchy@1.0.0 enable
2023-03-11T10:08:41.570Z - log: [Package] inspector@1.0.0 enable
2023-03-11T10:08:41.595Z - log: [Package] lightmap@1.0.4 enable
2023-03-11T10:08:41.895Z - log: [Package] localization-editor@1.0.0 enable
2023-03-11T10:08:41.900Z - log: [Build-plugin] register pkg localization-editor: 3.413ms
2023-03-11T10:08:41.925Z - log: [Package] node-library@1.0.1 enable
2023-03-11T10:08:41.947Z - log: [Package] package-asset@1.0.0 enable
2023-03-11T10:08:41.974Z - log: [Package] process@1.0.0 enable
2023-03-11T10:08:42.004Z - log: [Package] reference-image@1.0.0 enable
2023-03-11T10:08:42.026Z - log: [Package] alipay-mini-game@1.0.1 enable
2023-03-11T10:08:42.028Z - log: [Build-plugin] register pkg alipay-mini-game: 1.001ms
2023-03-11T10:08:42.050Z - log: [Package] android@1.0.1 enable
2023-03-11T10:08:42.056Z - log: [Build-plugin] register pkg android: 5.642ms
2023-03-11T10:08:42.109Z - log: [Package] baidu-mini-game@1.0.1 enable
2023-03-11T10:08:42.112Z - log: [Build-plugin] register pkg baidu-mini-game: 2.801ms
2023-03-11T10:08:42.140Z - log: [Package] bytedance-mini-game@1.0.2 enable
2023-03-11T10:08:42.144Z - log: [Build-plugin] register pkg bytedance-mini-game: 3.042ms
2023-03-11T10:08:42.167Z - log: [Package] certificate@1.0.0 enable
2023-03-11T10:08:42.189Z - log: [Package] channel-upload-tools@1.0.0 enable
2023-03-11T10:08:42.211Z - log: [Package] cocos-play@1.0.1 enable
2023-03-11T10:08:42.217Z - log: [Build-plugin] register pkg cocos-play: 5.837ms
2023-03-11T10:08:42.238Z - log: [Package] huawei-agc@1.0.0 enable
2023-03-11T10:08:42.242Z - log: [Build-plugin] register pkg huawei-agc: 3.426ms
2023-03-11T10:08:42.264Z - log: [Package] huawei-quick-game@1.0.1 enable
2023-03-11T10:08:42.267Z - log: [Build-plugin] register pkg huawei-quick-game: 2.969ms
2023-03-11T10:08:42.291Z - log: [Package] ios@1.0.0 enable
2023-03-11T10:08:42.294Z - log: [Build-plugin] register pkg ios: 2.996ms
2023-03-11T10:08:42.316Z - log: [Package] linux@1.0.0 enable
2023-03-11T10:08:42.317Z - log: [Build-plugin] register pkg linux: 1.062ms
2023-03-11T10:08:42.328Z - warn: 
2023-03-11T10:08:42.329Z - warn: 
2023-03-11T10:08:42.329Z - warn: 
2023-03-11T10:08:42.337Z - log: [Package] mac@1.0.0 enable
2023-03-11T10:08:42.340Z - log: [Build-plugin] register pkg mac: 3.132ms
2023-03-11T10:08:42.408Z - log: [Package] native@1.0.2 enable
2023-03-11T10:08:42.413Z - log: [Build-plugin] register pkg native: 4.371ms
2023-03-11T10:08:42.432Z - log: [Package] ohos@1.0.0 enable
2023-03-11T10:08:42.434Z - log: [Build-plugin] register pkg ohos: 2.342ms
2023-03-11T10:08:42.456Z - log: [Package] open-harmonyos@1.0.0 enable
2023-03-11T10:08:42.457Z - log: [Build-plugin] register pkg open-harmonyos: 0.7ms
2023-03-11T10:08:42.480Z - log: [Package] oppo-mini-game@1.0.1 enable
2023-03-11T10:08:42.482Z - log: [Build-plugin] register pkg oppo-mini-game: 2.616ms
2023-03-11T10:08:42.503Z - log: [Package] runtime-dev-tools@1.0.0 enable
2023-03-11T10:08:42.525Z - log: [Package] taobao-creative-app@1.0.0 enable
2023-03-11T10:08:42.527Z - log: [Build-plugin] register pkg taobao-creative-app: 2.198ms
2023-03-11T10:08:42.548Z - log: [Package] vivo-mini-game@1.0.1 enable
2023-03-11T10:08:42.551Z - log: [Build-plugin] register pkg vivo-mini-game: 2.399ms
2023-03-11T10:08:42.583Z - log: [Package] web-desktop@1.0.1 enable
2023-03-11T10:08:42.585Z - log: [Build-plugin] register pkg web-desktop: 2.049ms
2023-03-11T10:08:42.611Z - log: [Package] web-mobile@1.0.1 enable
2023-03-11T10:08:42.613Z - log: [Build-plugin] register pkg web-mobile: 1.995ms
2023-03-11T10:08:42.639Z - log: [Package] wechatgame@1.0.2 enable
2023-03-11T10:08:42.641Z - log: [Build-plugin] register pkg wechatgame: 2.317ms
2023-03-11T10:08:42.662Z - log: [Package] windows@1.0.1 enable
2023-03-11T10:08:42.664Z - log: [Build-plugin] register pkg windows: 2.322ms
2023-03-11T10:08:42.685Z - log: [Package] xiaomi-quick-game@1.0.1 enable
2023-03-11T10:08:42.688Z - log: [Build-plugin] register pkg xiaomi-quick-game: 2.443ms
2023-03-11T10:08:42.836Z - log: [Package] cocos-service@3.0.5 enable
2023-03-11T10:08:42.839Z - log: [Build-plugin] register pkg cocos-service: 1.24ms
2023-03-11T10:08:42.862Z - log: [Package] importer@1.1.0 enable
2023-03-11T10:08:43.010Z - log: [Im-plugin] Check im-plugin version.
2023-03-11T10:08:43.013Z - log: [Package] im-plugin@3.0.9 enable
2023-03-11T10:08:43.504Z - log: [Im-plugin] No online info of im-plugin.
2023-03-11T10:08:45.630Z - log: [Scene] Please specifiy a default value for "cc.EditorExtendable.__editorExtras__" property at its declaration:

 
// Before:
@property(...)
myProp;
// After:
@property(...)
myProp = 0;
2023-03-11T10:08:45.651Z - log: [Scene] Please specifiy a default value for "CCPropertyOverrideInfo.value" property at its declaration:

 
// Before:
@property(...)
myProp;
// After:
@property(...)
myProp = 0;
2023-03-11T10:08:45.652Z - log: [Scene] Please specifiy a default value for "cc.PrefabInfo.asset" property at its declaration:

 
// Before:
@property(...)
myProp;
// After:
@property(...)
myProp = 0;
2023-03-11T10:08:45.652Z - log: [Scene] Please specifiy a default value for "cc.PrefabInfo.nestedPrefabInstanceRoots" property at its declaration:

 
// Before:
@property(...)
myProp;
// After:
@property(...)
myProp = 0;
2023-03-11T10:08:45.654Z - log: [Scene] The 'default' attribute of 'ColorDesc.beginAccesses' must be an array
2023-03-11T10:08:45.654Z - log: [Scene] The 'default' attribute of 'ColorDesc.endAccesses' must be an array
2023-03-11T10:08:45.661Z - log: [Scene] Please specifiy a default value for "cc.animation.TrackBinding.proxy" property at its declaration:

 
// Before:
@property(...)
myProp;
// After:
@property(...)
myProp = 0;
2023-03-11T10:08:45.661Z - log: [Scene] Please specifiy a default value for "cc.animation.Channel._curve" property at its declaration:

 
// Before:
@property(...)
myProp;
// After:
@property(...)
myProp = 0;
2023-03-11T10:08:45.662Z - log: [Scene] Please specifiy a default value for "cc.animation.SingleChannelTrack._channel" property at its declaration:

 
// Before:
@property(...)
myProp;
// After:
@property(...)
myProp = 0;
2023-03-11T10:08:45.662Z - log: [Scene] Please specifiy a default value for "cc.animation.VectorTrack._channels" property at its declaration:

 
// Before:
@property(...)
myProp;
// After:
@property(...)
myProp = 0;
2023-03-11T10:08:45.662Z - log: [Scene] Please specifiy a default value for "cc.animation.ColorTrack._channels" property at its declaration:

 
// Before:
@property(...)
myProp;
// After:
@property(...)
myProp = 0;
2023-03-11T10:08:45.662Z - log: [Scene] Please specifiy a default value for "cc.animation.SizeTrack._channels" property at its declaration:

 
// Before:
@property(...)
myProp;
// After:
@property(...)
myProp = 0;
2023-03-11T10:08:45.663Z - log: [Scene] Please specifiy a default value for "cc.animation.Transition.from" property at its declaration:

 
// Before:
@property(...)
myProp;
// After:
@property(...)
myProp = 0;
2023-03-11T10:08:45.663Z - log: [Scene] Please specifiy a default value for "cc.animation.Transition.to" property at its declaration:

 
// Before:
@property(...)
myProp;
// After:
@property(...)
myProp = 0;
2023-03-11T10:08:45.663Z - log: [Scene] Please specifiy a default value for "cc.animation.StateMachine._entryState" property at its declaration:

 
// Before:
@property(...)
myProp;
// After:
@property(...)
myProp = 0;
2023-03-11T10:08:45.663Z - log: [Scene] Please specifiy a default value for "cc.animation.StateMachine._exitState" property at its declaration:

 
// Before:
@property(...)
myProp;
// After:
@property(...)
myProp = 0;
2023-03-11T10:08:45.663Z - log: [Scene] Please specifiy a default value for "cc.animation.StateMachine._anyState" property at its declaration:

 
// Before:
@property(...)
myProp;
// After:
@property(...)
myProp = 0;
2023-03-11T10:08:45.663Z - log: [Scene] Please specifiy a default value for "cc.animation.Layer._stateMachine" property at its declaration:

 
// Before:
@property(...)
myProp;
// After:
@property(...)
myProp = 0;
2023-03-11T10:08:45.664Z - log: [Scene] Please specifiy a default value for "cc.animation.ExoticVectorLikeTrackValues._values" property at its declaration:

 
// Before:
@property(...)
myProp;
// After:
@property(...)
myProp = 0;
2023-03-11T10:08:45.664Z - log: [Scene] Please specifiy a default value for "cc.animation.ExoticVectorLikeTrackValues._isQuantized" property at its declaration:

 
// Before:
@property(...)
myProp;
// After:
@property(...)
myProp = 0;
2023-03-11T10:08:45.664Z - log: [Scene] Please specifiy a default value for "cc.animation.ExoticTrack.times" property at its declaration:

 
// Before:
@property(...)
myProp;
// After:
@property(...)
myProp = 0;
2023-03-11T10:08:45.664Z - log: [Scene] Please specifiy a default value for "cc.animation.ExoticTrack.values" property at its declaration:

 
// Before:
@property(...)
myProp;
// After:
@property(...)
myProp = 0;
2023-03-11T10:08:45.664Z - log: [Scene] Please specifiy a default value for "cc.animation.QuantizedFloatArray.originalPrecision" property at its declaration:

 
// Before:
@property(...)
myProp;
// After:
@property(...)
myProp = 0;
2023-03-11T10:08:45.664Z - log: [Scene] Please specifiy a default value for "cc.animation.QuantizedFloatArray.min" property at its declaration:

 
// Before:
@property(...)
myProp;
// After:
@property(...)
myProp = 0;
2023-03-11T10:08:45.664Z - log: [Scene] Please specifiy a default value for "cc.animation.QuantizedFloatArray.extent" property at its declaration:

 
// Before:
@property(...)
myProp;
// After:
@property(...)
myProp = 0;
2023-03-11T10:08:45.664Z - log: [Scene] Please specifiy a default value for "cc.animation.QuantizedFloatArray.values" property at its declaration:

 
// Before:
@property(...)
myProp;
// After:
@property(...)
myProp = 0;
2023-03-11T10:08:45.686Z - log: [Scene] 'cc.ParticleSystem2D.color' hides inherited property 'cc.UIRenderer.color'. To make the current property override that implementation, add the `override: true` attribute please.
2023-03-11T10:08:45.712Z - log: [Scene] No needs to indicate the 'cc.Boolean' attribute for "cc.Terrain._receiveShadow", which its default value is type of Boolean.
2023-03-11T10:08:45.712Z - log: [Scene] No needs to indicate the 'cc.Boolean' attribute for "cc.Terrain._useNormalmap", which its default value is type of Boolean.
2023-03-11T10:08:45.712Z - log: [Scene] No needs to indicate the 'cc.Boolean' attribute for "cc.Terrain._usePBR", which its default value is type of Boolean.
2023-03-11T10:08:45.712Z - log: [Scene] No needs to indicate the 'cc.Boolean' attribute for "cc.Terrain._lodEnable", which its default value is type of Boolean.
2023-03-11T10:08:45.715Z - log: [Scene] Can not declare sp.Skeleton._updateBuiltinMaterial, it is already defined in the prototype of sp.Skeleton
2023-03-11T10:08:45.715Z - log: [Scene] Can not declare sp.Skeleton.updateMaterial, it is already defined in the prototype of sp.Skeleton
2023-03-11T10:08:45.718Z - log: [Scene] Can not declare dragonBones.ArmatureDisplay._updateBuiltinMaterial, it is already defined in the prototype of dragonBones.ArmatureDisplay
2023-03-11T10:08:45.718Z - log: [Scene] Can not declare dragonBones.ArmatureDisplay.updateMaterial, it is already defined in the prototype of dragonBones.ArmatureDisplay
2023-03-11T10:08:45.772Z - info: [Scene] [Physics][Bullet]: Using asmjs Bullet libs.
2023-03-11T10:08:45.779Z - info: [Scene] [PHYSICS]: using builtin.
2023-03-11T10:08:45.884Z - log: [Scene] Cocos Creator v3.6.3
2023-03-11T10:08:45.884Z - info: [Scene] Forward render pipeline initialized.
2023-03-11T10:39:34.835Z - warn: Metrics: no valid info
