debug: Sat, 11 Mar 2023 10:08:40 GMT
debug: Project: D:\workspace\cocos_game\personal\NSchess
debug: Targets: editor,preview
debug: Incremental file seems great.
debug: Engine path: D:\CocosDashboard_1.2.5\resources\.editors\Creator\3.6.3\resources\resources\3d\engine
debug: Initializing target [Editor]
debug: Loading cache
debug: Loading cache costs 6.985000014305115ms.
debug: Engine features shipped in editor: base,gfx-webgl,gfx-webgl2,3d,animation,skeletal-animation,2d,ui,particle,particle-2d,physics-framework,physics-2d-framework,intersection-2d,primitive,profiler,occlusion-query,geometry-renderer,debug-renderer,audio,video,xr,terrain,webview,tween,tiled-map,spine,dragon-bones,marionette,custom-pipeline
debug: Our import map(foo:/bar): {
  "imports": {
    "cc": "cce:/internal/x/cc"
  }
}
debug: Initializing target [Preview]
debug: Loading cache
debug: Loading cache costs 5.583600044250488ms.
debug: Our import map(foo:/bar): {
  "imports": {
    "cc": "cce:/internal/x/cc"
  }
}
debug: Sync engine features: 2d,animation,audio,base,dragon-bones,gfx-webgl,gfx-webgl2,intersection-2d,particle-2d,physics-2d-box2d,profiler,spine,tiled-map,tween,ui,video,webview
debug: Reset databases. Enumerated domains: [
  {
    "root": "db://internal/",
    "physical": "D:\\CocosDashboard_1.2.5\\resources\\.editors\\Creator\\3.6.3\\resources\\resources\\3d\\engine\\editor\\assets"
  },
  {
    "root": "db://assets/",
    "physical": "D:\\workspace\\cocos_game\\personal\\NSchess\\assets"
  }
]
debug: Our import map(foo:/bar): {
  "imports": {
    "cc": "cce:/internal/x/cc",
    "db://internal/": "file:///D:/CocosDashboard_1.2.5/resources/.editors/Creator/3.6.3/resources/resources/3d/engine/editor/assets/",
    "db://assets/": "file:///D:/workspace/cocos_game/personal/NSchess/assets/"
  }
}
debug: Our import map(foo:/bar): {
  "imports": {
    "cc": "cce:/internal/x/cc",
    "db://internal/": "file:///D:/CocosDashboard_1.2.5/resources/.editors/Creator/3.6.3/resources/resources/3d/engine/editor/assets/",
    "db://assets/": "file:///D:/workspace/cocos_game/personal/NSchess/assets/"
  }
}
debug: Pulling asset-db.
debug: Fetch asset-db cost: 5.232800006866455ms.
debug: Build iteration starts.
Number of accumulated asset changes: 2
Feature changed: false
debug: Target(editor) build started.
debug: Detected change: cce:/internal/x/cc. Last mtime: Thu Jan 01 1970 07:30:06 GMT+0730 (新加坡标准时间), Current mtime: Thu Jan 01 1970 07:30:07 GMT+0730 (新加坡标准时间)
debug: Inspect cce:/internal/x/cc
debug: Resolve cce:/internal/x/cc-fu/base from cce:/internal/x/cc as external dependency cce:/internal/x/cc-fu/base.
debug: Resolve cce:/internal/x/cc-fu/gfx-webgl from cce:/internal/x/cc as external dependency cce:/internal/x/cc-fu/gfx-webgl.
debug: Resolve cce:/internal/x/cc-fu/gfx-webgl2 from cce:/internal/x/cc as external dependency cce:/internal/x/cc-fu/gfx-webgl2.
debug: Resolve cce:/internal/x/cc-fu/3d from cce:/internal/x/cc as external dependency cce:/internal/x/cc-fu/3d.
debug: Resolve cce:/internal/x/cc-fu/animation from cce:/internal/x/cc as external dependency cce:/internal/x/cc-fu/animation.
debug: Resolve cce:/internal/x/cc-fu/skeletal-animation from cce:/internal/x/cc as external dependency cce:/internal/x/cc-fu/skeletal-animation.
debug: Resolve cce:/internal/x/cc-fu/2d from cce:/internal/x/cc as external dependency cce:/internal/x/cc-fu/2d.
debug: Resolve cce:/internal/x/cc-fu/ui from cce:/internal/x/cc as external dependency cce:/internal/x/cc-fu/ui.
debug: Resolve cce:/internal/x/cc-fu/particle from cce:/internal/x/cc as external dependency cce:/internal/x/cc-fu/particle.
debug: Resolve cce:/internal/x/cc-fu/particle-2d from cce:/internal/x/cc as external dependency cce:/internal/x/cc-fu/particle-2d.
debug: Resolve cce:/internal/x/cc-fu/physics-framework from cce:/internal/x/cc as external dependency cce:/internal/x/cc-fu/physics-framework.
debug: Resolve cce:/internal/x/cc-fu/physics-2d-framework from cce:/internal/x/cc as external dependency cce:/internal/x/cc-fu/physics-2d-framework.
debug: Resolve cce:/internal/x/cc-fu/intersection-2d from cce:/internal/x/cc as external dependency cce:/internal/x/cc-fu/intersection-2d.
debug: Resolve cce:/internal/x/cc-fu/primitive from cce:/internal/x/cc as external dependency cce:/internal/x/cc-fu/primitive.
debug: Resolve cce:/internal/x/cc-fu/profiler from cce:/internal/x/cc as external dependency cce:/internal/x/cc-fu/profiler.
debug: Resolve cce:/internal/x/cc-fu/geometry-renderer from cce:/internal/x/cc as external dependency cce:/internal/x/cc-fu/geometry-renderer.
debug: Resolve cce:/internal/x/cc-fu/audio from cce:/internal/x/cc as external dependency cce:/internal/x/cc-fu/audio.
debug: Resolve cce:/internal/x/cc-fu/video from cce:/internal/x/cc as external dependency cce:/internal/x/cc-fu/video.
debug: Resolve cce:/internal/x/cc-fu/xr from cce:/internal/x/cc as external dependency cce:/internal/x/cc-fu/xr.
debug: Resolve cce:/internal/x/cc-fu/terrain from cce:/internal/x/cc as external dependency cce:/internal/x/cc-fu/terrain.
debug: Resolve cce:/internal/x/cc-fu/webview from cce:/internal/x/cc as external dependency cce:/internal/x/cc-fu/webview.
debug: Resolve cce:/internal/x/cc-fu/tween from cce:/internal/x/cc as external dependency cce:/internal/x/cc-fu/tween.
debug: Resolve cce:/internal/x/cc-fu/tiled-map from cce:/internal/x/cc as external dependency cce:/internal/x/cc-fu/tiled-map.
debug: Resolve cce:/internal/x/cc-fu/spine from cce:/internal/x/cc as external dependency cce:/internal/x/cc-fu/spine.
debug: Resolve cce:/internal/x/cc-fu/dragon-bones from cce:/internal/x/cc as external dependency cce:/internal/x/cc-fu/dragon-bones.
debug: Resolve cce:/internal/x/cc-fu/custom-pipeline from cce:/internal/x/cc as external dependency cce:/internal/x/cc-fu/custom-pipeline.
debug: Detected change: cce:/internal/x/prerequisite-imports. Last mtime: Thu Jan 01 1970 08:27:48 GMT+0730 (新加坡标准时间), Current mtime: Thu Jan 01 1970 07:30:07 GMT+0730 (新加坡标准时间)
debug: Inspect cce:/internal/x/prerequisite-imports
debug: Resolve file:///D:/workspace/cocos_game/personal/NSchess/assets/resources/scripts/Board.ts from cce:/internal/x/prerequisite-imports as file:///D:/workspace/cocos_game/personal/NSchess/assets/resources/scripts/Board.ts.
debug: Inspect file:///D:/workspace/cocos_game/personal/NSchess/assets/resources/scripts/Board.ts
debug: Resolve cce:/internal/code-quality/cr.mjs from file:///D:/workspace/cocos_game/personal/NSchess/assets/resources/scripts/Board.ts as cce:/internal/code-quality/cr.mjs.
debug: Detected change: cce:/internal/code-quality/cr.mjs. Last mtime: Sat Mar 11 2023 11:05:37 GMT+0800 (新加坡标准时间), Current mtime: Sat Mar 11 2023 18:08:33 GMT+0800 (新加坡标准时间)
debug: Inspect cce:/internal/code-quality/cr.mjs
debug: Resolve cc from file:///D:/workspace/cocos_game/personal/NSchess/assets/resources/scripts/Board.ts as cce:/internal/x/cc.
debug: Resolve cc from file:///D:/workspace/cocos_game/personal/NSchess/assets/resources/scripts/Board.ts as cce:/internal/x/cc.
debug: Resolve cc from file:///D:/workspace/cocos_game/personal/NSchess/assets/resources/scripts/Board.ts as cce:/internal/x/cc.
debug: Resolve file:///D:/workspace/cocos_game/personal/NSchess/assets/resources/scripts/Piece.ts from cce:/internal/x/prerequisite-imports as file:///D:/workspace/cocos_game/personal/NSchess/assets/resources/scripts/Piece.ts.
debug: Inspect file:///D:/workspace/cocos_game/personal/NSchess/assets/resources/scripts/Piece.ts
debug: Resolve cc from file:///D:/workspace/cocos_game/personal/NSchess/assets/resources/scripts/Piece.ts as cce:/internal/x/cc.
debug: Target(editor) ends with cost 221.9539999961853ms.
debug: Target(preview) build started.
debug: Detected change: cce:/internal/x/cc. Last mtime: Thu Jan 01 1970 07:30:06 GMT+0730 (新加坡标准时间), Current mtime: Thu Jan 01 1970 07:30:07 GMT+0730 (新加坡标准时间)
debug: Inspect cce:/internal/x/cc
debug: Resolve cce:/internal/x/cc-fu/2d from cce:/internal/x/cc as external dependency cce:/internal/x/cc-fu/2d.
debug: Resolve cce:/internal/x/cc-fu/animation from cce:/internal/x/cc as external dependency cce:/internal/x/cc-fu/animation.
debug: Resolve cce:/internal/x/cc-fu/audio from cce:/internal/x/cc as external dependency cce:/internal/x/cc-fu/audio.
debug: Resolve cce:/internal/x/cc-fu/base from cce:/internal/x/cc as external dependency cce:/internal/x/cc-fu/base.
debug: Resolve cce:/internal/x/cc-fu/dragon-bones from cce:/internal/x/cc as external dependency cce:/internal/x/cc-fu/dragon-bones.
debug: Resolve cce:/internal/x/cc-fu/gfx-webgl from cce:/internal/x/cc as external dependency cce:/internal/x/cc-fu/gfx-webgl.
debug: Resolve cce:/internal/x/cc-fu/gfx-webgl2 from cce:/internal/x/cc as external dependency cce:/internal/x/cc-fu/gfx-webgl2.
debug: Resolve cce:/internal/x/cc-fu/intersection-2d from cce:/internal/x/cc as external dependency cce:/internal/x/cc-fu/intersection-2d.
debug: Resolve cce:/internal/x/cc-fu/particle-2d from cce:/internal/x/cc as external dependency cce:/internal/x/cc-fu/particle-2d.
debug: Resolve cce:/internal/x/cc-fu/physics-2d-box2d from cce:/internal/x/cc as external dependency cce:/internal/x/cc-fu/physics-2d-box2d.
debug: Resolve cce:/internal/x/cc-fu/physics-2d-framework from cce:/internal/x/cc as external dependency cce:/internal/x/cc-fu/physics-2d-framework.
debug: Resolve cce:/internal/x/cc-fu/profiler from cce:/internal/x/cc as external dependency cce:/internal/x/cc-fu/profiler.
debug: Resolve cce:/internal/x/cc-fu/spine from cce:/internal/x/cc as external dependency cce:/internal/x/cc-fu/spine.
debug: Resolve cce:/internal/x/cc-fu/tiled-map from cce:/internal/x/cc as external dependency cce:/internal/x/cc-fu/tiled-map.
debug: Resolve cce:/internal/x/cc-fu/tween from cce:/internal/x/cc as external dependency cce:/internal/x/cc-fu/tween.
debug: Resolve cce:/internal/x/cc-fu/ui from cce:/internal/x/cc as external dependency cce:/internal/x/cc-fu/ui.
debug: Resolve cce:/internal/x/cc-fu/video from cce:/internal/x/cc as external dependency cce:/internal/x/cc-fu/video.
debug: Resolve cce:/internal/x/cc-fu/webview from cce:/internal/x/cc as external dependency cce:/internal/x/cc-fu/webview.
debug: Detected change: cce:/internal/x/prerequisite-imports. Last mtime: Thu Jan 01 1970 08:27:48 GMT+0730 (新加坡标准时间), Current mtime: Thu Jan 01 1970 07:30:07 GMT+0730 (新加坡标准时间)
debug: Inspect cce:/internal/x/prerequisite-imports
debug: Resolve file:///D:/workspace/cocos_game/personal/NSchess/assets/resources/scripts/Board.ts from cce:/internal/x/prerequisite-imports as file:///D:/workspace/cocos_game/personal/NSchess/assets/resources/scripts/Board.ts.
debug: Inspect file:///D:/workspace/cocos_game/personal/NSchess/assets/resources/scripts/Board.ts
debug: Resolve cce:/internal/code-quality/cr.mjs from file:///D:/workspace/cocos_game/personal/NSchess/assets/resources/scripts/Board.ts as cce:/internal/code-quality/cr.mjs.
debug: Detected change: cce:/internal/code-quality/cr.mjs. Last mtime: Sat Mar 11 2023 11:05:37 GMT+0800 (新加坡标准时间), Current mtime: Sat Mar 11 2023 18:08:33 GMT+0800 (新加坡标准时间)
debug: Inspect cce:/internal/code-quality/cr.mjs
debug: Resolve cc from file:///D:/workspace/cocos_game/personal/NSchess/assets/resources/scripts/Board.ts as cce:/internal/x/cc.
debug: Resolve cc from file:///D:/workspace/cocos_game/personal/NSchess/assets/resources/scripts/Board.ts as cce:/internal/x/cc.
debug: Resolve cc from file:///D:/workspace/cocos_game/personal/NSchess/assets/resources/scripts/Board.ts as cce:/internal/x/cc.
debug: Resolve file:///D:/workspace/cocos_game/personal/NSchess/assets/resources/scripts/Piece.ts from cce:/internal/x/prerequisite-imports as file:///D:/workspace/cocos_game/personal/NSchess/assets/resources/scripts/Piece.ts.
debug: Inspect file:///D:/workspace/cocos_game/personal/NSchess/assets/resources/scripts/Piece.ts
debug: Resolve cc from file:///D:/workspace/cocos_game/personal/NSchess/assets/resources/scripts/Piece.ts as cce:/internal/x/cc.
debug: Target(preview) ends with cost 169.8914999961853ms.
debug: Pulling asset-db.
debug: Fetch asset-db cost: 12.662400007247925ms.
debug: Build iteration starts.
Number of accumulated asset changes: 2
Feature changed: false
debug: Target(editor) build started.
debug: Detected change: cce:/internal/x/prerequisite-imports. Last mtime: Thu Jan 01 1970 07:30:07 GMT+0730 (新加坡标准时间), Current mtime: Thu Jan 01 1970 07:30:09 GMT+0730 (新加坡标准时间)
debug: Inspect cce:/internal/x/prerequisite-imports
debug: Resolve file:///D:/workspace/cocos_game/personal/NSchess/assets/resources/scripts/Board.ts from cce:/internal/x/prerequisite-imports as file:///D:/workspace/cocos_game/personal/NSchess/assets/resources/scripts/Board.ts.
debug: Resolve file:///D:/workspace/cocos_game/personal/NSchess/assets/resources/scripts/Piece.ts from cce:/internal/x/prerequisite-imports as file:///D:/workspace/cocos_game/personal/NSchess/assets/resources/scripts/Piece.ts.
debug: Target(editor) ends with cost 26.5867999792099ms.
debug: Target(preview) build started.
debug: Detected change: cce:/internal/x/prerequisite-imports. Last mtime: Thu Jan 01 1970 07:30:07 GMT+0730 (新加坡标准时间), Current mtime: Thu Jan 01 1970 07:30:09 GMT+0730 (新加坡标准时间)
debug: Inspect cce:/internal/x/prerequisite-imports
debug: Resolve file:///D:/workspace/cocos_game/personal/NSchess/assets/resources/scripts/Board.ts from cce:/internal/x/prerequisite-imports as file:///D:/workspace/cocos_game/personal/NSchess/assets/resources/scripts/Board.ts.
debug: Resolve file:///D:/workspace/cocos_game/personal/NSchess/assets/resources/scripts/Piece.ts from cce:/internal/x/prerequisite-imports as file:///D:/workspace/cocos_game/personal/NSchess/assets/resources/scripts/Piece.ts.
debug: Target(preview) ends with cost 24.45679998397827ms.
debug: Dispatch build request for time accumulated 1 asset changes.
debug: Build iteration starts.
Number of accumulated asset changes: 1
Feature changed: false
debug: Target(editor) build started.
debug: Detected change: cce:/internal/x/prerequisite-imports. Last mtime: Thu Jan 01 1970 07:30:09 GMT+0730 (新加坡标准时间), Current mtime: Thu Jan 01 1970 08:00:59 GMT+0730 (新加坡标准时间)
debug: Inspect cce:/internal/x/prerequisite-imports
debug: Resolve file:///D:/workspace/cocos_game/personal/NSchess/assets/resources/scripts/Board.ts from cce:/internal/x/prerequisite-imports as file:///D:/workspace/cocos_game/personal/NSchess/assets/resources/scripts/Board.ts.
debug: Detected change: file:///D:/workspace/cocos_game/personal/NSchess/assets/resources/scripts/Board.ts. Last mtime: Sat Mar 11 2023 12:00:00 GMT+0800 (新加坡标准时间)@c6f92e15-ea91-4145-92d7-b486ad2f0536, Current mtime: Sat Mar 11 2023 18:11:51 GMT+0800 (新加坡标准时间)@c6f92e15-ea91-4145-92d7-b486ad2f0536
debug: Inspect file:///D:/workspace/cocos_game/personal/NSchess/assets/resources/scripts/Board.ts
debug: Resolve cce:/internal/code-quality/cr.mjs from file:///D:/workspace/cocos_game/personal/NSchess/assets/resources/scripts/Board.ts as cce:/internal/code-quality/cr.mjs.
debug: Resolve cc from file:///D:/workspace/cocos_game/personal/NSchess/assets/resources/scripts/Board.ts as cce:/internal/x/cc.
debug: Resolve cc from file:///D:/workspace/cocos_game/personal/NSchess/assets/resources/scripts/Board.ts as cce:/internal/x/cc.
debug: Resolve cc from file:///D:/workspace/cocos_game/personal/NSchess/assets/resources/scripts/Board.ts as cce:/internal/x/cc.
debug: Resolve file:///D:/workspace/cocos_game/personal/NSchess/assets/resources/scripts/Piece.ts from cce:/internal/x/prerequisite-imports as file:///D:/workspace/cocos_game/personal/NSchess/assets/resources/scripts/Piece.ts.
debug: Target(editor) ends with cost 107.77319991588593ms.
debug: Target(preview) build started.
debug: Detected change: cce:/internal/x/prerequisite-imports. Last mtime: Thu Jan 01 1970 07:30:09 GMT+0730 (新加坡标准时间), Current mtime: Thu Jan 01 1970 08:00:59 GMT+0730 (新加坡标准时间)
debug: Inspect cce:/internal/x/prerequisite-imports
debug: Resolve file:///D:/workspace/cocos_game/personal/NSchess/assets/resources/scripts/Board.ts from cce:/internal/x/prerequisite-imports as file:///D:/workspace/cocos_game/personal/NSchess/assets/resources/scripts/Board.ts.
debug: Detected change: file:///D:/workspace/cocos_game/personal/NSchess/assets/resources/scripts/Board.ts. Last mtime: Sat Mar 11 2023 12:00:00 GMT+0800 (新加坡标准时间)@c6f92e15-ea91-4145-92d7-b486ad2f0536, Current mtime: Sat Mar 11 2023 18:11:51 GMT+0800 (新加坡标准时间)@c6f92e15-ea91-4145-92d7-b486ad2f0536
debug: Inspect file:///D:/workspace/cocos_game/personal/NSchess/assets/resources/scripts/Board.ts
debug: Resolve cce:/internal/code-quality/cr.mjs from file:///D:/workspace/cocos_game/personal/NSchess/assets/resources/scripts/Board.ts as cce:/internal/code-quality/cr.mjs.
debug: Resolve cc from file:///D:/workspace/cocos_game/personal/NSchess/assets/resources/scripts/Board.ts as cce:/internal/x/cc.
debug: Resolve cc from file:///D:/workspace/cocos_game/personal/NSchess/assets/resources/scripts/Board.ts as cce:/internal/x/cc.
debug: Resolve cc from file:///D:/workspace/cocos_game/personal/NSchess/assets/resources/scripts/Board.ts as cce:/internal/x/cc.
debug: Resolve file:///D:/workspace/cocos_game/personal/NSchess/assets/resources/scripts/Piece.ts from cce:/internal/x/prerequisite-imports as file:///D:/workspace/cocos_game/personal/NSchess/assets/resources/scripts/Piece.ts.
debug: Target(preview) ends with cost 102.39160001277924ms.
